<?xml version="1.0" encoding="UTF-8"?>
<!-- Generated by org.testng.reporters.JUnitReportReporter -->
<testsuite hostname="DESKTOP-SR1I626" failures="0" tests="2" name="com.actitime.generic.DemoA" time="1.373" errors="0" timestamp="2025-10-06T13:34:12 IST" skipped="1">
  <testcase classname="com.actitime.generic.DemoA" name="demoA" time="1.373"/>
  <system-out/>
  <testcase classname="com.actitime.generic.DemoA" name="demo">
    <skipped/>
  </testcase> <!-- demo -->
  <system-out/>
</testsuite> <!-- com.actitime.generic.DemoA -->
