<?xml version="1.0" encoding="UTF-8"?>
<!-- Generated by org.testng.reporters.JUnitReportReporter -->
<testsuite hostname="DESKTOP-SR1I626" failures="0" tests="3" name="basics.User" time="0.001" errors="0" timestamp="2025-09-23T13:40:25 IST" skipped="0">
  <testcase classname="basics.User" name="createUser" time="0.000"/>
  <system-out>
    <![CDATA[createUser]]>
  </system-out>
  <testcase classname="basics.User" name="deleteUser" time="0.001"/>
  <system-out>
    <![CDATA[deleteUser]]>
  </system-out>
  <testcase classname="basics.User" name="modifyUser" time="0.000"/>
  <system-out>
    <![CDATA[modifyUser]]>
  </system-out>
</testsuite> <!-- basics.User -->
