<?xml version="1.0" encoding="UTF-8"?>
<!-- Generated by org.testng.reporters.JUnitReportReporter -->
<testsuite hostname="DESKTOP-SR1I626" failures="0" tests="2" name="datadriventesting.ActitimeLogin" time="7.126" errors="0" timestamp="2025-10-17T12:56:17 IST" skipped="0">
  <testcase classname="datadriventesting.ActitimeLogin" name="demoLogin" time="3.572"/>
  <system-out/>
  <testcase classname="datadriventesting.ActitimeLogin" name="demoLogin" time="3.554"/>
  <system-out/>
</testsuite> <!-- datadriventesting.ActitimeLogin -->
