<?xml version="1.0" encoding="UTF-8"?>
<!-- Generated by org.testng.reporters.JUnitReportReporter -->
<testsuite hostname="DESKTOP-SR1I626" failures="0" tests="3" name="com.actitime.testscript.ProjectModule" time="4.616" errors="0" timestamp="2025-10-15T13:04:44 IST" skipped="0">
  <testcase classname="com.actitime.testscript.ProjectModule" name="modifyProject" time="2.025"/>
  <system-out>
    <![CDATA[modifyProject
modifyProject has been passed]]>
  </system-out>
  <testcase classname="com.actitime.testscript.ProjectModule" name="createProject" time="1.350"/>
  <system-out>
    <![CDATA[createProject
createProject has been passed]]>
  </system-out>
  <testcase classname="com.actitime.testscript.ProjectModule" name="deleteProject" time="1.241"/>
  <system-out>
    <![CDATA[deleteProject
deleteProject has been passed]]>
  </system-out>
</testsuite> <!-- com.actitime.testscript.ProjectModule -->
