<?xml version="1.0" encoding="UTF-8"?>
<!-- Generated by org.testng.reporters.JUnitReportReporter -->
<testsuite hostname="DESKTOP-SR1I626" failures="0" tests="4" name="basics.DemoCustomerModule" time="0.015" errors="0" timestamp="2025-10-03T13:01:15 IST" skipped="0">
  <testcase classname="basics.DemoCustomerModule" name="modifyCustomer" time="0.003"/>
  <system-out>
    <![CDATA[modifyCustomer]]>
  </system-out>
  <testcase classname="basics.DemoCustomerModule" name="createCustomer" time="0.006"/>
  <system-out>
    <![CDATA[createCustomer]]>
  </system-out>
  <testcase classname="basics.DemoCustomerModule" name="createCustomer" time="0.003"/>
  <system-out>
    <![CDATA[createCustomer]]>
  </system-out>
  <testcase classname="basics.DemoCustomerModule" name="deleteCustomer" time="0.003"/>
  <system-out>
    <![CDATA[deleteCustomer]]>
  </system-out>
</testsuite> <!-- basics.DemoCustomerModule -->
